<?xml version="1.0" encoding="UTF-8"?>
<testng-results ignored="0" total="1" passed="1" failed="0" skipped="0">
  <reporter-output>
    <line>
      <![CDATA[application is open]]>
    </line>
    <line>
      <![CDATA[login successfull]]>
    </line>
  </reporter-output>
  <suite started-at="2024-03-16T22:18:55 IST" name="Suite1" finished-at="2024-03-16T22:21:20 IST" duration-ms="145407">
    <groups>
    </groups>
    <test started-at="2024-03-16T22:18:55 IST" name="Regression1" finished-at="2024-03-16T22:21:20 IST" duration-ms="145407">
      <class name="com.hrms.testscripts.TC001">
        <test-method signature="Run()[pri:0, instance:com.hrms.testscripts.TC001@7c24b813]" started-at="2024-03-16T22:18:55 IST" name="Run" finished-at="2024-03-16T22:21:20 IST" duration-ms="145357" status="PASS">
          <reporter-output>
            <line>
              <![CDATA[application is open]]>
            </line>
            <line>
              <![CDATA[login successfull]]>
            </line>
          </reporter-output>
        </test-method> <!-- Run -->
      </class> <!-- com.hrms.testscripts.TC001 -->
    </test> <!-- Regression1 -->
  </suite> <!-- Suite1 -->
</testng-results>
